[2024-08-12 20:53:44] [INFO] This is an informational message.
[2024-08-12 20:53:44] [WARNING] This is a warning message.
[2024-08-12 20:53:44] [ERROR] This is an error message.
[2024-08-12 21:05:08] [INFO] This is an informational message.
[2024-08-12 21:05:08] [WARNING] This is a warning message.
[2024-08-12 21:05:08] [ERROR] This is an error message.
[2024-08-12 21:18:36] [INFO] This is an informational message.
[2024-08-12 21:18:36] [WARNING] This is a warning message.
[2024-08-12 21:18:36] [ERROR] This is an error message.
[2024-08-12 21:37:09] [INFO] This is an informational message.
[2024-08-12 21:37:09] [WARNING] This is a warning message.
[2024-08-12 21:37:09] [ERROR] This is an error message.
[2024-08-13 01:40:44] [INFO] This is an informational message.
[2024-08-13 01:40:44] [WARNING] This is a warning message.
[2024-08-13 01:40:44] [ERROR] This is an error message.
[2024-08-15 15:46:33] [INFO] Retrieved settings from cache, Redis, or generated new settings.
[2024-08-15 19:54:23] [INFO] Retrieved settings from cache, Redis, or generated new settings.
[2024-08-15 20:23:16] [INFO] Generated new settings and stored in Redis.
[2024-08-15 20:25:57] [INFO] Generated new settings and stored in Redis.
[2024-08-15 20:27:57] [INFO] Generated new settings and stored in Redis.
[2024-08-15 20:28:26] [INFO] Retrieved settings from Redis.
[2024-08-15 20:28:28] [INFO] Retrieved settings from Redis.
[2024-08-15 20:28:41] [INFO] Generated new settings and stored in Redis.
[2024-08-15 20:30:37] [INFO] Generated new settings and stored in Redis.
[2024-08-15 20:31:33] [INFO] Retrieved settings from Redis.
[2024-08-15 20:33:34] [INFO] Generated new settings and stored in Redis.
[2024-08-15 20:39:58] [INFO] Generated new settings and stored in Redis.
[2024-08-15 20:40:01] [INFO] Retrieved settings from Redis.
[2024-08-15 20:40:02] [INFO] Retrieved settings from Redis.
[2024-08-15 20:41:30] [INFO] Generated new settings and stored in Redis.
[2024-08-15 20:41:54] [INFO] Retrieved settings from Redis.
[2024-08-15 20:41:55] [INFO] Retrieved settings from Redis.
[2024-08-15 20:42:01] [INFO] Retrieved settings from Redis.
[2024-08-15 20:42:02] [INFO] Retrieved settings from Redis.
[2024-08-15 20:42:03] [INFO] Retrieved settings from Redis.
[2024-08-15 20:42:40] [INFO] Generated new settings and stored in Redis.
[2024-08-15 20:42:52] [INFO] Retrieved settings from Redis.
[2024-08-15 20:42:53] [INFO] Retrieved settings from Redis.
[2024-08-15 20:42:54] [INFO] Retrieved settings from Redis.
[2024-08-15 20:43:32] [INFO] Retrieved settings from Redis.
[2024-08-15 20:48:37] [INFO] Generated new settings and stored in Redis.
[2024-08-15 20:48:39] [INFO] Retrieved settings from Redis.
[2024-08-15 20:48:42] [INFO] Retrieved settings from Redis.
[2024-08-15 20:48:45] [INFO] Retrieved settings from Redis.
[2024-08-15 20:48:50] [INFO] Retrieved settings from Redis.
[2024-08-15 20:48:51] [INFO] Retrieved settings from Redis.
[2024-08-15 20:48:53] [INFO] Retrieved settings from Redis.
[2024-08-15 20:48:55] [INFO] Retrieved settings from Redis.
[2024-08-15 20:49:01] [INFO] Retrieved settings from Redis.
[2024-08-15 20:52:03] [INFO] Generated new settings and stored in Redis.
